<?xml version="1.0" encoding="UTF-8"?>
<testng-results skipped="0" failed="0" ignored="0" total="1" passed="1">
  <reporter-output>
  </reporter-output>
  <suite name="Surefire suite" duration-ms="43701" started-at="2022-10-26T00:01:15 IST" finished-at="2022-10-26T00:01:59 IST">
    <groups>
      <group name="cucumber">
        <method signature="AbstractTestNGCucumberTests.runScenario(io.cucumber.testng.PickleWrapper,io.cucumber.testng.FeatureWrapper)[pri:0, instance:runners.TestRunners@68bbe345]" name="runScenario" class="io.cucumber.testng.AbstractTestNGCucumberTests"/>
      </group> <!-- cucumber -->
    </groups>
    <test name="Surefire test" duration-ms="43701" started-at="2022-10-26T00:01:15 IST" finished-at="2022-10-26T00:01:59 IST">
      <class name="runners.TestRunners">
        <test-method status="PASS" signature="setUpClass()[pri:0, instance:runners.TestRunners@68bbe345]" name="setUpClass" is-config="true" duration-ms="964" started-at="2022-10-26T00:01:16 IST" finished-at="2022-10-26T00:01:16 IST">
          <reporter-output>
          </reporter-output>
        </test-method> <!-- setUpClass -->
        <test-method status="PASS" signature="runScenario(io.cucumber.testng.PickleWrapper,io.cucumber.testng.FeatureWrapper)[pri:0, instance:runners.TestRunners@68bbe345]" name="runScenario" duration-ms="41598" started-at="2022-10-26T00:01:17 IST" description="Runs Cucumber Scenarios" data-provider="scenarios" finished-at="2022-10-26T00:01:58 IST">
          <params>
            <param index="0">
              <value>
                <![CDATA["Login to the application"]]>
              </value>
            </param>
            <param index="1">
              <value>
                <![CDATA["Optional[Validate login functionality]"]]>
              </value>
            </param>
          </params>
          <reporter-output>
          </reporter-output>
        </test-method> <!-- runScenario -->
        <test-method status="PASS" signature="tearDownClass()[pri:0, instance:runners.TestRunners@68bbe345]" name="tearDownClass" is-config="true" duration-ms="964" started-at="2022-10-26T00:01:58 IST" finished-at="2022-10-26T00:01:59 IST">
          <reporter-output>
          </reporter-output>
        </test-method> <!-- tearDownClass -->
      </class> <!-- runners.TestRunners -->
    </test> <!-- Surefire test -->
  </suite> <!-- Surefire suite -->
</testng-results>
